[doctest] doctest version is "1.0.0"
[doctest] run with "--help" for options
===============================================================================
test.cpp(35)
assertions

test.cpp(37) FAILED! 
  CHECK( 1 == 0 )
with expansion:
  CHECK( 1 == 0 )

test.cpp(38) FAILED! 
  CHECK_FALSE( 1 )
with expansion:
  CHECK_FALSE( 1 )

test.cpp(39) FAILED! 
  CHECK( myType() == myType() )
with expansion:
  CHECK( myType! == myType! )

test.cpp(40) FAILED! 
  CHECK( Approx(0.1) == 0.2 )
with expansion:
  CHECK( Approx( 0.1 ) == 0.2 )

test.cpp(43) FAILED!
  CHECK_THROWS( throws(false) )

test.cpp(45) FAILED!
  CHECK_NOTHROW( throws(true) )

test.cpp(47) FAILED! (didn't throw at all)
  REQUIRE_THROWS_AS( throws(false), bool )

===============================================================================
[doctest] test cases:    1 |    0 passed |    1 failed |    4 skipped
[doctest] assertions:   11 |    4 passed |    7 failed |
